<?xml version="1.0" encoding="UTF-8"?>
<!-- Generated by org.testng.reporters.JUnitReportReporter -->
<testsuite skipped="0" hostname="SKaans-MacBook-Pro.local" name="com.iihs.tests.SPA969SKY" tests="6" failures="0" timestamp="01 Aug 2018 19:10:33 GMT" time="11.932" errors="0">
  <testcase name="click_on_2011_link" time="2.736" classname="com.iihs.tests.SPA969SKY"/>
  <testcase name="deaths_for_males_is_displayed" time="0.736" classname="com.iihs.tests.SPA969SKY"/>
  <testcase name="yearly_Snapshot" time="0.710" classname="com.iihs.tests.SPA969SKY"/>
  <testcase name="verify_Fatality_facts_topics_links" time="3.023" classname="com.iihs.tests.SPA969SKY"/>
  <testcase name="Age_And_Gender_is_displayed" time="1.981" classname="com.iihs.tests.SPA969SKY"/>
  <testcase name="Children_Safety_is_displayed" time="2.746" classname="com.iihs.tests.SPA969SKY"/>
</testsuite> <!-- com.iihs.tests.SPA969SKY -->
