<?xml version="1.0" encoding="UTF-8"?>
<!-- Generated by org.testng.reporters.JUnitReportReporter -->
<testsuite skipped="0" hostname="SKaans-MacBook-Pro.local" name="com.iihs.tests.SPA_969_test" tests="1" failures="0" timestamp="02 Aug 2018 17:10:57 GMT" time="6.960" errors="0">
  <testcase name="SPA_969_Step6" time="6.960" classname="com.iihs.tests.SPA_969_test"/>
</testsuite> <!-- com.iihs.tests.SPA_969_test -->
