<?xml version="1.0" encoding="UTF-8"?>
<!-- Generated by org.testng.reporters.JUnitReportReporter -->
<testsuite skipped="0" hostname="SKaans-MacBook-Pro.local" name="com.iihs.tests.SPA_972_test" tests="7" failures="0" timestamp="06 Aug 2018 16:02:58 GMT" time="31.457" errors="0">
  <testcase name="SPA_972_Step1" time="1.113" classname="com.iihs.tests.SPA_972_test"/>
  <testcase name="SPA_972_Step2" time="5.826" classname="com.iihs.tests.SPA_972_test"/>
  <testcase name="SPA_972_Step3" time="2.985" classname="com.iihs.tests.SPA_972_test"/>
  <testcase name="SPA_972_Step4" time="4.799" classname="com.iihs.tests.SPA_972_test"/>
  <testcase name="SPA_972_Step5" time="7.736" classname="com.iihs.tests.SPA_972_test"/>
  <testcase name="SPA_972_Step6" time="4.686" classname="com.iihs.tests.SPA_972_test"/>
  <testcase name="SPA_972_Step7" time="4.312" classname="com.iihs.tests.SPA_972_test"/>
</testsuite> <!-- com.iihs.tests.SPA_972_test -->
