<?xml version="1.0" encoding="UTF-8"?>
<!-- Generated by org.testng.reporters.JUnitReportReporter -->
<testsuite skipped="0" hostname="SKaans-MacBook-Pro.local" name="com.iihs.tests.SPA_971_test" tests="7" failures="0" timestamp="02 Aug 2018 19:20:58 GMT" time="18.069" errors="0">
  <testcase name="SPA_971_Step1" time="0.740" classname="com.iihs.tests.SPA_971_test"/>
  <testcase name="SPA_971_Step2" time="1.498" classname="com.iihs.tests.SPA_971_test"/>
  <testcase name="SPA_971_Step3" time="1.349" classname="com.iihs.tests.SPA_971_test"/>
  <testcase name="SPA_971_Step4" time="1.055" classname="com.iihs.tests.SPA_971_test"/>
  <testcase name="SPA_971_Step5" time="3.229" classname="com.iihs.tests.SPA_971_test"/>
  <testcase name="SPA_971_Step6" time="6.387" classname="com.iihs.tests.SPA_971_test"/>
  <testcase name="SPA_971_Step7" time="3.811" classname="com.iihs.tests.SPA_971_test"/>
</testsuite> <!-- com.iihs.tests.SPA_971_test -->
