<?xml version="1.0" encoding="UTF-8"?>
<!-- Generated by org.testng.reporters.JUnitReportReporter -->
<testsuite skipped="0" hostname="SKaans-MacBook-Pro.local" name="com.iihs.tests.SPA_970_test" tests="6" failures="0" timestamp="06 Aug 2018 16:07:13 GMT" time="22.107" errors="0">
  <testcase name="SPA_970_Step1" time="1.103" classname="com.iihs.tests.SPA_970_test"/>
  <testcase name="SPA_970_Step2" time="3.990" classname="com.iihs.tests.SPA_970_test"/>
  <testcase name="SPA_970_Step3" time="2.070" classname="com.iihs.tests.SPA_970_test"/>
  <testcase name="SPA_970_Step4" time="4.704" classname="com.iihs.tests.SPA_970_test"/>
  <testcase name="SPA_970_Step5" time="6.116" classname="com.iihs.tests.SPA_970_test"/>
  <testcase name="SPA_970_Step6" time="4.124" classname="com.iihs.tests.SPA_970_test"/>
</testsuite> <!-- com.iihs.tests.SPA_970_test -->
