<?xml version="1.0" encoding="UTF-8"?>
<!-- Generated by org.testng.reporters.JUnitReportReporter -->
<testsuite skipped="0" hostname="SKaans-MacBook-Pro.local" name="com.iihs.smoke_tests.Smoke_Test" tests="13" failures="0" timestamp="01 Aug 2018 23:00:13 GMT" time="20.708" errors="0">
  <testcase name="verify_general_statistic" time="0.621" classname="com.iihs.smoke_tests.Smoke_Test"/>
  <testcase name="verify_search_button" time="0.594" classname="com.iihs.smoke_tests.Smoke_Test"/>
  <testcase name="verify_tab_menus" time="0.719" classname="com.iihs.smoke_tests.Smoke_Test"/>
  <testcase name="click_on_yearly_snapshot" time="0.775" classname="com.iihs.smoke_tests.Smoke_Test"/>
  <testcase name="click_on_gender" time="2.300" classname="com.iihs.smoke_tests.Smoke_Test"/>
  <testcase name="click_on_passenger_vehicle_occupants" time="3.032" classname="com.iihs.smoke_tests.Smoke_Test"/>
  <testcase name="click_on_state_by_state" time="3.723" classname="com.iihs.smoke_tests.Smoke_Test"/>
  <testcase name="verify_Fatality_facts_topics_links" time="1.154" classname="com.iihs.smoke_tests.Smoke_Test"/>
  <testcase name="verify_yearly_snapshot_links" time="0.978" classname="com.iihs.smoke_tests.Smoke_Test"/>
  <testcase name="click_on_2015_link" time="2.387" classname="com.iihs.smoke_tests.Smoke_Test"/>
  <testcase name="verify_data_subsections" time="2.716" classname="com.iihs.smoke_tests.Smoke_Test"/>
  <testcase name="click_on_trends" time="0.904" classname="com.iihs.smoke_tests.Smoke_Test"/>
  <testcase name="verify_trends_title" time="0.805" classname="com.iihs.smoke_tests.Smoke_Test"/>
</testsuite> <!-- com.iihs.smoke_tests.Smoke_Test -->
