<?xml version="1.0" encoding="UTF-8"?>
<!-- Generated by org.testng.reporters.JUnitReportReporter -->
<testsuite skipped="0" hostname="DESKTOP-N7F78N2" name="com.iihs.smoke_tests.Smoke_Test" tests="13" failures="0" timestamp="30 Jul 2018 06:47:50 GMT" time="21.955" errors="0">
  <testcase name="verify_general_statistic" time="1.664" classname="com.iihs.smoke_tests.Smoke_Test"/>
  <testcase name="verify_search_button" time="0.664" classname="com.iihs.smoke_tests.Smoke_Test"/>
  <testcase name="verify_tab_menus" time="0.739" classname="com.iihs.smoke_tests.Smoke_Test"/>
  <testcase name="click_on_yearly_snapshot" time="0.764" classname="com.iihs.smoke_tests.Smoke_Test"/>
  <testcase name="click_on_gender" time="2.703" classname="com.iihs.smoke_tests.Smoke_Test"/>
  <testcase name="click_on_passenger_vehicle_occupants" time="3.702" classname="com.iihs.smoke_tests.Smoke_Test"/>
  <testcase name="click_on_state_by_state" time="4.268" classname="com.iihs.smoke_tests.Smoke_Test"/>
  <testcase name="verify_Fatality_facts_topics_links" time="1.162" classname="com.iihs.smoke_tests.Smoke_Test"/>
  <testcase name="verify_yearly_snapshot_links" time="1.024" classname="com.iihs.smoke_tests.Smoke_Test"/>
  <testcase name="click_on_2015_link" time="2.811" classname="com.iihs.smoke_tests.Smoke_Test"/>
  <testcase name="verify_data_subsections" time="0.843" classname="com.iihs.smoke_tests.Smoke_Test"/>
  <testcase name="click_on_trends" time="0.825" classname="com.iihs.smoke_tests.Smoke_Test"/>
  <testcase name="verify_trends_title" time="0.786" classname="com.iihs.smoke_tests.Smoke_Test"/>
</testsuite> <!-- com.iihs.smoke_tests.Smoke_Test -->
