<?xml version="1.0" encoding="UTF-8"?>
<!-- Generated by org.testng.reporters.JUnitReportReporter -->
<testsuite skipped="1" hostname="SKaans-MacBook-Pro.local" name="pomDesign.WebOrdersLoginTests" tests="3" failures="0" timestamp="09 Jul 2018 14:16:50 GMT" time="1.465" errors="0">
  <testcase name="invalidUsernameTest" time="0.932" classname="pomDesign.WebOrdersLoginTests"/>
  <testcase name="positiveLoginUsingPOM" time="0.533" classname="pomDesign.WebOrdersLoginTests"/>
  <testcase name="positiveloginTest" classname="pomDesign.WebOrdersLoginTests">
    <skipped/>
  </testcase> <!-- positiveloginTest -->
</testsuite> <!-- pomDesign.WebOrdersLoginTests -->
