<?xml version="1.0" encoding="UTF-8"?>
<!-- Generated by org.testng.reporters.JUnitReportReporter -->
<testsuite skipped="0" hostname="Kaans-MacBook-Pro.local" name="com.cybertek.ActionsExamples" tests="1" failures="0" timestamp="06 Oct 2018 17:11:33 GMT" time="4.682" errors="0">
  <testcase name="doubleClickTest" time="4.682" classname="com.cybertek.ActionsExamples"/>
</testsuite> <!-- com.cybertek.ActionsExamples -->
