<?xml version="1.0" encoding="UTF-8"?>
<!-- Generated by org.testng.reporters.JUnitReportReporter -->
<testsuite skipped="0" hostname="Kaans-MacBook-Pro.local" name="fileUploadActions.ActionExamples" tests="4" failures="0" timestamp="12 Nov 2018 21:33:25 GMT" time="18.858" errors="0">
  <testcase name="hoverTest2" time="4.703" classname="fileUploadActions.ActionExamples"/>
  <testcase name="scrollTest" time="3.224" classname="fileUploadActions.ActionExamples"/>
  <testcase name="hoverTest1" time="5.584" classname="fileUploadActions.ActionExamples"/>
  <testcase name="doubleClickTest" time="5.347" classname="fileUploadActions.ActionExamples"/>
</testsuite> <!-- fileUploadActions.ActionExamples -->
