<?xml version="1.0" encoding="UTF-8"?>
<!-- Generated by org.testng.reporters.JUnitReportReporter -->
<testsuite skipped="0" hostname="Kaans-MacBook-Pro.local" name="com.mockaroo.MockarooDataValidation" tests="3" failures="0" timestamp="12 Nov 2018 20:46:17 GMT" time="18.093" errors="0">
  <testcase name="test" time="2.412" classname="com.mockaroo.MockarooDataValidation"/>
  <testcase name="create" time="15.657" classname="com.mockaroo.MockarooDataValidation"/>
  <testcase name="runner" time="0.024" classname="com.mockaroo.MockarooDataValidation"/>
</testsuite> <!-- com.mockaroo.MockarooDataValidation -->
