<?xml version="1.0" encoding="UTF-8"?>
<!-- Generated by org.testng.reporters.JUnitReportReporter -->
<testsuite skipped="0" hostname="Kaans-MacBook-Pro.local" name="popUp.PopupExamples" tests="1" failures="0" timestamp="06 Oct 2018 15:42:43 GMT" time="4.821" errors="0">
  <testcase name="htmlPopUps" time="4.821" classname="popUp.PopupExamples"/>
</testsuite> <!-- popUp.PopupExamples -->
