<?xml version="1.0" encoding="UTF-8"?>
<!-- Generated by org.testng.reporters.JUnitReportReporter -->
<testsuite skipped="0" hostname="Kaans-MacBook-Pro.local" name="com.cybertek.TestThatCleanUp" tests="2" failures="0" timestamp="07 Nov 2018 17:39:51 GMT" time="11.968" errors="0">
  <testcase name="searchAmazon" time="7.829" classname="com.cybertek.TestThatCleanUp"/>
  <testcase name="searchGoogle" time="4.139" classname="com.cybertek.TestThatCleanUp"/>
</testsuite> <!-- com.cybertek.TestThatCleanUp -->
