<?xml version="1.0" encoding="UTF-8"?>
<!-- Generated by org.testng.reporters.JUnitReportReporter -->
<testsuite skipped="0" hostname="Kaans-MacBook-Pro.local" name="fileUploadActions.FileUploadExamples" tests="1" failures="0" timestamp="12 Nov 2018 21:38:06 GMT" time="3.870" errors="0">
  <testcase name="testFileUpload" time="3.870" classname="fileUploadActions.FileUploadExamples"/>
</testsuite> <!-- fileUploadActions.FileUploadExamples -->
