<?xml version="1.0" encoding="UTF-8"?>
<!-- Generated by org.testng.reporters.JUnitReportReporter -->
<testsuite skipped="0" hostname="Kaans-MacBook-Pro.local" name="olympics.deneme1" tests="2" failures="0" timestamp="13 Nov 2018 04:19:28 GMT" time="6.259" errors="0">
  <testcase name="setUp" time="5.176" classname="olympics.deneme1"/>
  <testcase name="testJapan" time="1.083" classname="olympics.deneme1"/>
</testsuite> <!-- olympics.deneme1 -->
