<?xml version="1.0" encoding="UTF-8"?>
<!-- Generated by org.testng.reporters.JUnitReportReporter -->
<testsuite skipped="0" hostname="Kaans-MacBook-Pro.local" name="com.cybertek.SearchTests" tests="1" failures="0" timestamp="07 Nov 2018 17:22:10 GMT" time="11.198" errors="0">
  <testcase name="amazonSearchOne" time="11.198" classname="com.cybertek.SearchTests"/>
</testsuite> <!-- com.cybertek.SearchTests -->
