<?xml version="1.0" encoding="UTF-8"?>
<!-- Generated by org.testng.reporters.JUnitReportReporter -->
<testsuite skipped="0" hostname="Kaans-MacBook-Pro.local" name="waits.JavascriptExecutorExamples" tests="1" failures="0" timestamp="06 Oct 2018 16:17:33 GMT" time="8.123" errors="0">
  <testcase name="click" time="8.123" classname="waits.JavascriptExecutorExamples"/>
</testsuite> <!-- waits.JavascriptExecutorExamples -->
