<?xml version="1.0" encoding="UTF-8"?>
<!-- Generated by org.testng.reporters.JUnitReportReporter -->
<testsuite skipped="0" hostname="Kaans-MacBook-Pro.local" name="com.cybertek.AssertionsDemo" tests="2" failures="0" timestamp="07 Nov 2018 16:39:21 GMT" time="0.010" errors="0">
  <testcase name="testOne" time="0.009" classname="com.cybertek.AssertionsDemo"/>
  <testcase name="testTwo" time="0.001" classname="com.cybertek.AssertionsDemo"/>
</testsuite> <!-- com.cybertek.AssertionsDemo -->
