<?xml version="1.0" encoding="UTF-8"?>
<!-- Generated by org.testng.reporters.JUnitReportReporter -->
<testsuite skipped="0" hostname="Kaans-MacBook-Pro.local" name="guru99.calisma" tests="1" failures="0" timestamp="12 Nov 2018 21:41:49 GMT" time="3.892" errors="0">
  <testcase name="setUp" time="3.892" classname="guru99.calisma"/>
</testsuite> <!-- guru99.calisma -->
