<?xml version="1.0" encoding="UTF-8"?>
<!-- Generated by org.testng.reporters.JUnitReportReporter -->
<testsuite skipped="0" hostname="Kaans-MacBook-Pro.local" name="com.prestashop.Prestashop" tests="4" failures="0" timestamp="12 Nov 2018 21:25:18 GMT" time="37.469" errors="0">
  <testcase name="WrongCredentialsTest" time="9.528" classname="com.prestashop.Prestashop"/>
  <testcase name="BlankPasswordTest" time="9.230" classname="com.prestashop.Prestashop"/>
  <testcase name="BlankEmailTest" time="8.267" classname="com.prestashop.Prestashop"/>
  <testcase name="InvalidEmailTest" time="10.444" classname="com.prestashop.Prestashop"/>
</testsuite> <!-- com.prestashop.Prestashop -->
