<?xml version="1.0" encoding="UTF-8"?>
<!-- Generated by org.testng.reporters.JUnitReportReporter -->
<testsuite skipped="0" hostname="Kaans-MacBook-Pro.local" name="com.cybertek.ActionExamples" tests="1" failures="0" timestamp="07 Nov 2018 16:35:36 GMT" time="44.427" errors="0">
  <testcase name="dragDropTest1" time="44.427" classname="com.cybertek.ActionExamples"/>
</testsuite> <!-- com.cybertek.ActionExamples -->
