<?xml version="1.0" encoding="UTF-8"?>
<!-- Generated by org.testng.reporters.JUnitReportReporter -->
<testsuite skipped="0" hostname="Kaans-MacBook-Pro.local" name="amazonsearch.PrintAllProductDetails" tests="1" failures="0" timestamp="13 Nov 2018 04:21:17 GMT" time="9.893" errors="0">
  <testcase name="getAllProductsV1" time="9.893" classname="amazonsearch.PrintAllProductDetails"/>
</testsuite> <!-- amazonsearch.PrintAllProductDetails -->
