<?xml version="1.0" encoding="UTF-8"?>
<!-- Generated by org.testng.reporters.JUnitReportReporter -->
<testsuite skipped="0" hostname="Kaans-MacBook-Pro.local" name="popUp.IframesTest" tests="1" failures="0" timestamp="06 Oct 2018 15:55:38 GMT" time="3.487" errors="0">
  <testcase name="iframeTest1" time="3.487" classname="popUp.IframesTest"/>
</testsuite> <!-- popUp.IframesTest -->
