<?xml version="1.0" encoding="UTF-8"?>
<!-- Generated by org.testng.reporters.JUnitReportReporter -->
<testsuite skipped="0" hostname="Kaans-MacBook-Pro.local" name="com.prestashop.PrestashopLoginPositiveScenarios" tests="1" failures="0" timestamp="12 Nov 2018 21:26:39 GMT" time="12.789" errors="0">
  <testcase name="loginTest" time="12.789" classname="com.prestashop.PrestashopLoginPositiveScenarios"/>
</testsuite> <!-- com.prestashop.PrestashopLoginPositiveScenarios -->
