<?xml version="1.0" encoding="UTF-8"?>
<!-- Generated by org.testng.reporters.JUnitReportReporter -->
<testsuite skipped="0" hostname="Kaans-MacBook-Pro.local" name="com.cybertek.TestNGDemo" tests="2" failures="0" timestamp="07 Nov 2018 17:22:36 GMT" time="0.013" errors="0">
  <testcase name="testSecond" time="0.003" classname="com.cybertek.TestNGDemo"/>
  <testcase name="testOne" time="0.010" classname="com.cybertek.TestNGDemo"/>
</testsuite> <!-- com.cybertek.TestNGDemo -->
