<?xml version="1.0" encoding="UTF-8"?>
<!-- Generated by org.testng.reporters.JUnitReportReporter -->
<testsuite skipped="0" hostname="SKaans-MacBook-Pro.local" name="pomDesign.WebOrderTests" tests="1" failures="0" timestamp="10 Jul 2018 17:30:23 GMT" time="1.516" errors="0">
  <testcase name="labelsVerication" time="1.516" classname="pomDesign.WebOrderTests"/>
</testsuite> <!-- pomDesign.WebOrderTests -->
